2022-06-05 13:13:43 INFO  Log4jTestRun:23 - this is info
2022-06-05 13:13:43 WARN  Log4jTestRun:24 - this is warn
2022-06-05 13:13:43 ERROR Log4jTestRun:25 - this is erro
2022-06-05 13:13:43 FATAL Log4jTestRun:26 - this is fatal
2022-06-05 13:24:29 INFO  Log4jTestRun:25 - [33mthis is info
2022-06-05 13:24:29 WARN  Log4jTestRun:26 - this is warn
2022-06-05 13:24:29 ERROR Log4jTestRun:27 - this is erro
2022-06-05 13:24:29 FATAL Log4jTestRun:28 - this is fatal
2022-06-05 13:25:09 INFO  Log4jTestRun:25 - this is info
2022-06-05 13:25:09 WARN  Log4jTestRun:26 - this is warn
2022-06-05 13:25:09 ERROR Log4jTestRun:27 - this is erro
2022-06-05 13:25:09 FATAL Log4jTestRun:28 - this is fatal
2022-06-05 13:26:35 INFO  Log4jTestRun:25 - [0;33mthis is info
2022-06-05 13:26:35 WARN  Log4jTestRun:26 - this is warn
2022-06-05 13:26:35 ERROR Log4jTestRun:27 - this is erro
2022-06-05 13:26:35 FATAL Log4jTestRun:28 - this is fatal
2022-06-05 13:28:43 INFO  Log4jTestRun:26 - [0;33mthis is info[0m
2022-06-05 13:28:43 WARN  Log4jTestRun:27 - this is warn
2022-06-05 13:28:43 ERROR Log4jTestRun:28 - this is erro
2022-06-05 13:28:43 FATAL Log4jTestRun:29 - this is fatal
